\BOOKMARK [0][-]{chapter.1}{Pr\351sentation du sujet}{}
\BOOKMARK [1][-]{section.1.1}{Description du sujet}{chapter.1}
\BOOKMARK [1][-]{section.1.2}{Pourquoi ce sujet ?}{chapter.1}
\BOOKMARK [1][-]{section.1.3}{Une br\350ve histoire de l'Intelligence Artificielle}{chapter.1}
\BOOKMARK [0][-]{chapter.2}{Analyse}{}
\BOOKMARK [1][-]{section.2.1}{Le mod\350le de conscience artificielle}{chapter.2}
\BOOKMARK [1][-]{section.2.2}{Les contraintes}{chapter.2}
\BOOKMARK [1][-]{section.2.3}{Conception}{chapter.2}
\BOOKMARK [2][-]{subsection.2.3.1}{Environnement}{section.2.3}
\BOOKMARK [2][-]{subsection.2.3.2}{Module d'analyse}{section.2.3}
\BOOKMARK [2][-]{subsection.2.3.3}{Module de raisonnement}{section.2.3}
\BOOKMARK [2][-]{subsection.2.3.4}{M\351moire}{section.2.3}
\BOOKMARK [1][-]{section.2.4}{M\351thode de travail}{chapter.2}
\BOOKMARK [0][-]{chapter.3}{D\351veloppement}{}
\BOOKMARK [1][-]{section.3.1}{Sp\351cifications techniques}{chapter.3}
\BOOKMARK [2][-]{subsection.3.1.1}{Sp\351cifications g\351n\351rales}{section.3.1}
\BOOKMARK [2][-]{subsection.3.1.2}{Environnement}{section.3.1}
\BOOKMARK [2][-]{subsection.3.1.3}{Analyse}{section.3.1}
\BOOKMARK [2][-]{subsection.3.1.4}{Raisonnement}{section.3.1}
\BOOKMARK [2][-]{subsection.3.1.5}{M\351moire}{section.3.1}
\BOOKMARK [1][-]{section.3.2}{M\351thode de travail}{chapter.3}
\BOOKMARK [0][-]{chapter.4}{R\351sultats \046 discussion}{}
\BOOKMARK [1][-]{subsection.4.0.1}{R\351sultats}{chapter.4}
\BOOKMARK [2][-]{subsection.4.0.2}{Discussion}{subsection.4.0.1}
